<?xml version="1.0" encoding="UTF-8"?>
<coverage generated="1587947599379" clover="3.2.0">
  <project timestamp="1587947599379" name="All files">
    <metrics statements="50" coveredstatements="50" conditionals="10" coveredconditionals="10" methods="22" coveredmethods="22" elements="82" coveredelements="82" complexity="0" loc="50" ncloc="50" packages="1" files="1" classes="1"/>
    <file name="index.ts" path="/home/cashlion/Work/mafp/src/index.ts">
      <metrics statements="50" coveredstatements="50" conditionals="10" coveredconditionals="10" methods="22" coveredmethods="22"/>
      <line num="1" count="1" type="stmt"/>
      <line num="7" count="3" type="stmt"/>
      <line num="11" count="2" type="stmt"/>
      <line num="12" count="8" type="stmt"/>
      <line num="21" count="1" type="stmt"/>
      <line num="22" count="4" type="stmt"/>
      <line num="23" count="1" type="stmt"/>
      <line num="31" count="1" type="stmt"/>
      <line num="32" count="4" type="stmt"/>
      <line num="33" count="1" type="stmt"/>
      <line num="40" count="2" type="stmt"/>
      <line num="41" count="8" type="cond" truecount="2" falsecount="0"/>
      <line num="50" count="1" type="stmt"/>
      <line num="51" count="3" type="stmt"/>
      <line num="52" count="1" type="stmt"/>
      <line num="60" count="1" type="stmt"/>
      <line num="61" count="3" type="stmt"/>
      <line num="62" count="1" type="stmt"/>
      <line num="74" count="1" type="stmt"/>
      <line num="75" count="4" type="stmt"/>
      <line num="77" count="1" type="stmt"/>
      <line num="86" count="2" type="stmt"/>
      <line num="87" count="6" type="cond" truecount="2" falsecount="0"/>
      <line num="88" count="1" type="stmt"/>
      <line num="91" count="1" type="stmt"/>
      <line num="100" count="2" type="stmt"/>
      <line num="101" count="5" type="cond" truecount="2" falsecount="0"/>
      <line num="102" count="1" type="stmt"/>
      <line num="105" count="1" type="stmt"/>
      <line num="112" count="2" type="stmt"/>
      <line num="113" count="2" type="stmt"/>
      <line num="117" count="2" type="stmt"/>
      <line num="118" count="2" type="stmt"/>
      <line num="122" count="2" type="stmt"/>
      <line num="126" count="1" type="stmt"/>
      <line num="127" count="1" type="stmt"/>
      <line num="130" count="1" type="stmt"/>
      <line num="131" count="1" type="stmt"/>
      <line num="132" count="4" type="cond" truecount="2" falsecount="0"/>
      <line num="133" count="3" type="stmt"/>
      <line num="136" count="1" type="stmt"/>
      <line num="143" count="1" type="stmt"/>
      <line num="147" count="1" type="stmt"/>
      <line num="148" count="1" type="stmt"/>
      <line num="151" count="1" type="stmt"/>
      <line num="152" count="1" type="stmt"/>
      <line num="153" count="4" type="cond" truecount="2" falsecount="0"/>
      <line num="154" count="3" type="stmt"/>
      <line num="157" count="1" type="stmt"/>
      <line num="164" count="1" type="stmt"/>
    </file>
  </project>
</coverage>
