{"/home/cashlion/Work/mafp/src/index.ts": {"path":"/home/cashlion/Work/mafp/src/index.ts","statementMap":{"0":{"start":{"line":7,"column":4},"end":{"line":7,"column":16}},"1":{"start":{"line":11,"column":4},"end":{"line":13,"column":7}},"2":{"start":{"line":12,"column":6},"end":{"line":12,"column":34}},"3":{"start":{"line":21,"column":16},"end":{"line":21,"column":32}},"4":{"start":{"line":22,"column":4},"end":{"line":22,"column":60}},"5":{"start":{"line":22,"column":41},"end":{"line":22,"column":58}},"6":{"start":{"line":23,"column":4},"end":{"line":23,"column":15}},"7":{"start":{"line":31,"column":26},"end":{"line":31,"column":28}},"8":{"start":{"line":32,"column":4},"end":{"line":32,"column":63}},"9":{"start":{"line":32,"column":41},"end":{"line":32,"column":61}},"10":{"start":{"line":33,"column":4},"end":{"line":33,"column":15}},"11":{"start":{"line":40,"column":4},"end":{"line":42,"column":7}},"12":{"start":{"line":41,"column":6},"end":{"line":41,"column":43}},"13":{"start":{"line":41,"column":30},"end":{"line":41,"column":43}},"14":{"start":{"line":50,"column":16},"end":{"line":50,"column":32}},"15":{"start":{"line":51,"column":4},"end":{"line":51,"column":60}},"16":{"start":{"line":51,"column":41},"end":{"line":51,"column":58}},"17":{"start":{"line":52,"column":4},"end":{"line":52,"column":15}},"18":{"start":{"line":60,"column":26},"end":{"line":60,"column":28}},"19":{"start":{"line":61,"column":4},"end":{"line":61,"column":63}},"20":{"start":{"line":61,"column":41},"end":{"line":61,"column":61}},"21":{"start":{"line":62,"column":4},"end":{"line":62,"column":15}},"22":{"start":{"line":74,"column":4},"end":{"line":76,"column":7}},"23":{"start":{"line":75,"column":6},"end":{"line":75,"column":52}},"24":{"start":{"line":77,"column":4},"end":{"line":77,"column":23}},"25":{"start":{"line":86,"column":4},"end":{"line":90,"column":null}},"26":{"start":{"line":87,"column":6},"end":{"line":89,"column":null}},"27":{"start":{"line":88,"column":8},"end":{"line":88,"column":21}},"28":{"start":{"line":91,"column":4},"end":{"line":91,"column":16}},"29":{"start":{"line":100,"column":4},"end":{"line":104,"column":null}},"30":{"start":{"line":101,"column":6},"end":{"line":103,"column":null}},"31":{"start":{"line":102,"column":8},"end":{"line":102,"column":20}},"32":{"start":{"line":105,"column":4},"end":{"line":105,"column":17}},"33":{"start":{"line":112,"column":23},"end":{"line":112,"column":25}},"34":{"start":{"line":113,"column":26},"end":{"line":116,"column":6}},"35":{"start":{"line":117,"column":4},"end":{"line":121,"column":null}},"36":{"start":{"line":118,"column":6},"end":{"line":120,"column":9}},"37":{"start":{"line":122,"column":4},"end":{"line":122,"column":50}},"38":{"start":{"line":126,"column":17},"end":{"line":126,"column":29}},"39":{"start":{"line":127,"column":4},"end":{"line":142,"column":7}},"40":{"start":{"line":130,"column":28},"end":{"line":130,"column":30}},"41":{"start":{"line":131,"column":10},"end":{"line":135,"column":null}},"42":{"start":{"line":132,"column":12},"end":{"line":134,"column":null}},"43":{"start":{"line":133,"column":14},"end":{"line":133,"column":29}},"44":{"start":{"line":136,"column":10},"end":{"line":136,"column":22}},"45":{"start":{"line":143,"column":4},"end":{"line":143,"column":29}},"46":{"start":{"line":147,"column":17},"end":{"line":147,"column":31}},"47":{"start":{"line":148,"column":4},"end":{"line":163,"column":7}},"48":{"start":{"line":151,"column":28},"end":{"line":151,"column":30}},"49":{"start":{"line":152,"column":10},"end":{"line":156,"column":null}},"50":{"start":{"line":153,"column":12},"end":{"line":155,"column":null}},"51":{"start":{"line":154,"column":14},"end":{"line":154,"column":29}},"52":{"start":{"line":157,"column":10},"end":{"line":157,"column":22}},"53":{"start":{"line":164,"column":4},"end":{"line":164,"column":29}},"54":{"start":{"line":1,"column":0},"end":{"line":1,"column":21}}},"fnMap":{"0":{"name":"(anonymous_0)","decl":{"start":{"line":6,"column":2},"end":{"line":6,"column":14}},"loc":{"start":{"line":6,"column":29},"end":{"line":8,"column":3}}},"1":{"name":"(anonymous_1)","decl":{"start":{"line":10,"column":10},"end":{"line":10,"column":14}},"loc":{"start":{"line":10,"column":68},"end":{"line":14,"column":3}}},"2":{"name":"(anonymous_2)","decl":{"start":{"line":11,"column":17},"end":{"line":11,"column":18}},"loc":{"start":{"line":11,"column":30},"end":{"line":13,"column":5}}},"3":{"name":"(anonymous_3)","decl":{"start":{"line":20,"column":2},"end":{"line":20,"column":5}},"loc":{"start":{"line":20,"column":27},"end":{"line":24,"column":3}}},"4":{"name":"(anonymous_4)","decl":{"start":{"line":22,"column":21},"end":{"line":22,"column":22}},"loc":{"start":{"line":22,"column":41},"end":{"line":22,"column":58}}},"5":{"name":"(anonymous_5)","decl":{"start":{"line":30,"column":2},"end":{"line":30,"column":12}},"loc":{"start":{"line":30,"column":34},"end":{"line":34,"column":3}}},"6":{"name":"(anonymous_6)","decl":{"start":{"line":32,"column":21},"end":{"line":32,"column":22}},"loc":{"start":{"line":32,"column":41},"end":{"line":32,"column":61}}},"7":{"name":"(anonymous_7)","decl":{"start":{"line":36,"column":10},"end":{"line":36,"column":17}},"loc":{"start":{"line":38,"column":34},"end":{"line":43,"column":3}}},"8":{"name":"(anonymous_8)","decl":{"start":{"line":40,"column":17},"end":{"line":40,"column":18}},"loc":{"start":{"line":40,"column":30},"end":{"line":42,"column":5}}},"9":{"name":"(anonymous_9)","decl":{"start":{"line":49,"column":2},"end":{"line":49,"column":8}},"loc":{"start":{"line":49,"column":33},"end":{"line":53,"column":3}}},"10":{"name":"(anonymous_10)","decl":{"start":{"line":51,"column":21},"end":{"line":51,"column":22}},"loc":{"start":{"line":51,"column":41},"end":{"line":51,"column":58}}},"11":{"name":"(anonymous_11)","decl":{"start":{"line":59,"column":2},"end":{"line":59,"column":15}},"loc":{"start":{"line":59,"column":40},"end":{"line":63,"column":3}}},"12":{"name":"(anonymous_12)","decl":{"start":{"line":61,"column":21},"end":{"line":61,"column":22}},"loc":{"start":{"line":61,"column":41},"end":{"line":61,"column":61}}},"13":{"name":"(anonymous_13)","decl":{"start":{"line":70,"column":2},"end":{"line":70,"column":8}},"loc":{"start":{"line":72,"column":18},"end":{"line":78,"column":3}}},"14":{"name":"(anonymous_14)","decl":{"start":{"line":74,"column":17},"end":{"line":74,"column":18}},"loc":{"start":{"line":74,"column":30},"end":{"line":76,"column":5}}},"15":{"name":"(anonymous_15)","decl":{"start":{"line":85,"column":2},"end":{"line":85,"column":7}},"loc":{"start":{"line":85,"column":51},"end":{"line":92,"column":3}}},"16":{"name":"(anonymous_16)","decl":{"start":{"line":99,"column":2},"end":{"line":99,"column":6}},"loc":{"start":{"line":99,"column":50},"end":{"line":106,"column":3}}},"17":{"name":"(anonymous_17)","decl":{"start":{"line":108,"column":10},"end":{"line":108,"column":27}},"loc":{"start":{"line":110,"column":32},"end":{"line":123,"column":3}}},"18":{"name":"(anonymous_18)","decl":{"start":{"line":125,"column":2},"end":{"line":125,"column":6}},"loc":{"start":{"line":125,"column":6},"end":{"line":144,"column":3}}},"19":{"name":"(anonymous_19)","decl":{"start":{"line":129,"column":15},"end":{"line":129,"column":16}},"loc":{"start":{"line":129,"column":48},"end":{"line":137,"column":9}}},"20":{"name":"(anonymous_20)","decl":{"start":{"line":146,"column":2},"end":{"line":146,"column":8}},"loc":{"start":{"line":146,"column":8},"end":{"line":165,"column":3}}},"21":{"name":"(anonymous_21)","decl":{"start":{"line":150,"column":15},"end":{"line":150,"column":16}},"loc":{"start":{"line":150,"column":48},"end":{"line":158,"column":9}}}},"branchMap":{"0":{"loc":{"start":{"line":41,"column":6},"end":{"line":41,"column":43}},"type":"if","locations":[{"start":{"line":41,"column":6},"end":{"line":41,"column":43}},{"start":{"line":41,"column":6},"end":{"line":41,"column":43}}]},"1":{"loc":{"start":{"line":87,"column":6},"end":{"line":89,"column":null}},"type":"if","locations":[{"start":{"line":87,"column":6},"end":{"line":89,"column":null}},{"start":{"line":87,"column":6},"end":{"line":89,"column":null}}]},"2":{"loc":{"start":{"line":101,"column":6},"end":{"line":103,"column":null}},"type":"if","locations":[{"start":{"line":101,"column":6},"end":{"line":103,"column":null}},{"start":{"line":101,"column":6},"end":{"line":103,"column":null}}]},"3":{"loc":{"start":{"line":132,"column":12},"end":{"line":134,"column":null}},"type":"if","locations":[{"start":{"line":132,"column":12},"end":{"line":134,"column":null}},{"start":{"line":132,"column":12},"end":{"line":134,"column":null}}]},"4":{"loc":{"start":{"line":153,"column":12},"end":{"line":155,"column":null}},"type":"if","locations":[{"start":{"line":153,"column":12},"end":{"line":155,"column":null}},{"start":{"line":153,"column":12},"end":{"line":155,"column":null}}]}},"s":{"0":3,"1":2,"2":8,"3":1,"4":1,"5":4,"6":1,"7":1,"8":1,"9":4,"10":1,"11":2,"12":8,"13":6,"14":1,"15":1,"16":3,"17":1,"18":1,"19":1,"20":3,"21":1,"22":1,"23":4,"24":1,"25":2,"26":6,"27":1,"28":1,"29":2,"30":5,"31":1,"32":1,"33":2,"34":2,"35":2,"36":2,"37":2,"38":1,"39":1,"40":1,"41":1,"42":4,"43":3,"44":1,"45":1,"46":1,"47":1,"48":1,"49":1,"50":4,"51":3,"52":1,"53":1,"54":1},"f":{"0":3,"1":2,"2":8,"3":1,"4":4,"5":1,"6":4,"7":2,"8":8,"9":1,"10":3,"11":1,"12":3,"13":1,"14":4,"15":2,"16":2,"17":2,"18":1,"19":1,"20":1,"21":1},"b":{"0":[6,2],"1":[1,5],"2":[1,4],"3":[3,1],"4":[3,1]}}
}
