TN:
SF:src/index.ts
FN:6,(anonymous_0)
FN:10,(anonymous_1)
FN:11,(anonymous_2)
FN:20,(anonymous_3)
FN:22,(anonymous_4)
FN:30,(anonymous_5)
FN:32,(anonymous_6)
FN:36,(anonymous_7)
FN:40,(anonymous_8)
FN:49,(anonymous_9)
FN:51,(anonymous_10)
FN:59,(anonymous_11)
FN:61,(anonymous_12)
FN:70,(anonymous_13)
FN:74,(anonymous_14)
FN:85,(anonymous_15)
FN:99,(anonymous_16)
FN:108,(anonymous_17)
FN:125,(anonymous_18)
FN:129,(anonymous_19)
FN:146,(anonymous_20)
FN:150,(anonymous_21)
FNF:22
FNH:22
FNDA:3,(anonymous_0)
FNDA:2,(anonymous_1)
FNDA:8,(anonymous_2)
FNDA:1,(anonymous_3)
FNDA:4,(anonymous_4)
FNDA:1,(anonymous_5)
FNDA:4,(anonymous_6)
FNDA:2,(anonymous_7)
FNDA:8,(anonymous_8)
FNDA:1,(anonymous_9)
FNDA:3,(anonymous_10)
FNDA:1,(anonymous_11)
FNDA:3,(anonymous_12)
FNDA:1,(anonymous_13)
FNDA:4,(anonymous_14)
FNDA:2,(anonymous_15)
FNDA:2,(anonymous_16)
FNDA:2,(anonymous_17)
FNDA:1,(anonymous_18)
FNDA:1,(anonymous_19)
FNDA:1,(anonymous_20)
FNDA:1,(anonymous_21)
DA:1,1
DA:7,3
DA:11,2
DA:12,8
DA:21,1
DA:22,4
DA:23,1
DA:31,1
DA:32,4
DA:33,1
DA:40,2
DA:41,8
DA:50,1
DA:51,3
DA:52,1
DA:60,1
DA:61,3
DA:62,1
DA:74,1
DA:75,4
DA:77,1
DA:86,2
DA:87,6
DA:88,1
DA:91,1
DA:100,2
DA:101,5
DA:102,1
DA:105,1
DA:112,2
DA:113,2
DA:117,2
DA:118,2
DA:122,2
DA:126,1
DA:127,1
DA:130,1
DA:131,1
DA:132,4
DA:133,3
DA:136,1
DA:143,1
DA:147,1
DA:148,1
DA:151,1
DA:152,1
DA:153,4
DA:154,3
DA:157,1
DA:164,1
LF:50
LH:50
BRDA:41,0,0,6
BRDA:41,0,1,2
BRDA:87,1,0,1
BRDA:87,1,1,5
BRDA:101,2,0,1
BRDA:101,2,1,4
BRDA:132,3,0,3
BRDA:132,3,1,1
BRDA:153,4,0,3
BRDA:153,4,1,1
BRF:10
BRH:10
end_of_record
